<?xml version="1.0" encoding="UTF-8"?>
<testsuite xmlns:xsi="http://www.w3.org/2001/XMLSchema-instance" xsi:noNamespaceSchemaLocation="https://maven.apache.org/surefire/maven-surefire-plugin/xsd/surefire-test-report.xsd" name="Automation Rest Api on restful-api-dev" time="4.39" tests="3" errors="0" skipped="0" failures="0">
  <properties>
    <property name="awt.toolkit" value="sun.lwawt.macosx.LWCToolkit"/>
    <property name="jdk.extensions.version" value="11.0.21.0-ea"/>
    <property name="file.encoding.pkg" value="sun.io"/>
    <property name="java.specification.version" value="11"/>
    <property name="sun.jnu.encoding" value="UTF-8"/>
    <property name="java.class.path" value="/Users/yesmail/Documents/resfulAPi/target/test-classes:/Users/yesmail/Documents/resfulAPi/target/classes:/Users/yesmail/.m2/repository/org/slf4j/slf4j-api/1.7.5/slf4j-api-1.7.5.jar:/Users/yesmail/.m2/repository/org/slf4j/slf4j-log4j12/1.7.5/slf4j-log4j12-1.7.5.jar:/Users/yesmail/.m2/repository/log4j/log4j/1.2.17/log4j-1.2.17.jar:/Users/yesmail/.m2/repository/org/hamcrest/hamcrest-library/1.3/hamcrest-library-1.3.jar:/Users/yesmail/.m2/repository/org/hamcrest/hamcrest-core/1.3/hamcrest-core-1.3.jar:/Users/yesmail/.m2/repository/io/cucumber/cucumber-java/6.9.0/cucumber-java-6.9.0.jar:/Users/yesmail/.m2/repository/io/cucumber/cucumber-core/6.9.0/cucumber-core-6.9.0.jar:/Users/yesmail/.m2/repository/io/cucumber/cucumber-gherkin/6.9.0/cucumber-gherkin-6.9.0.jar:/Users/yesmail/.m2/repository/io/cucumber/cucumber-gherkin-messages/6.9.0/cucumber-gherkin-messages-6.9.0.jar:/Users/yesmail/.m2/repository/io/cucumber/messages/13.2.0/messages-13.2.0.jar:/Users/yesmail/.m2/repository/io/cucumber/tag-expressions/3.0.0/tag-expressions-3.0.0.jar:/Users/yesmail/.m2/repository/io/cucumber/cucumber-expressions/10.3.0/cucumber-expressions-10.3.0.jar:/Users/yesmail/.m2/repository/io/cucumber/datatable/3.5.0/datatable-3.5.0.jar:/Users/yesmail/.m2/repository/io/cucumber/cucumber-plugin/6.9.0/cucumber-plugin-6.9.0.jar:/Users/yesmail/.m2/repository/io/cucumber/docstring/6.9.0/docstring-6.9.0.jar:/Users/yesmail/.m2/repository/io/cucumber/html-formatter/9.0.0/html-formatter-9.0.0.jar:/Users/yesmail/.m2/repository/io/cucumber/create-meta/2.0.4/create-meta-2.0.4.jar:/Users/yesmail/.m2/repository/org/apiguardian/apiguardian-api/1.1.0/apiguardian-api-1.1.0.jar:/Users/yesmail/.m2/repository/io/cucumber/cucumber-junit/6.9.0/cucumber-junit-6.9.0.jar:/Users/yesmail/.m2/repository/io/rest-assured/json-path/4.0.0/json-path-4.0.0.jar:/Users/yesmail/.m2/repository/org/codehaus/groovy/groovy-json/2.5.6/groovy-json-2.5.6.jar:/Users/yesmail/.m2/repository/org/codehaus/groovy/groovy/2.5.6/groovy-2.5.6.jar:/Users/yesmail/.m2/repository/io/rest-assured/rest-assured-common/4.0.0/rest-assured-common-4.0.0.jar:/Users/yesmail/.m2/repository/io/rest-assured/rest-assured/4.0.0/rest-assured-4.0.0.jar:/Users/yesmail/.m2/repository/org/codehaus/groovy/groovy-xml/2.5.6/groovy-xml-2.5.6.jar:/Users/yesmail/.m2/repository/org/apache/httpcomponents/httpclient/4.5.3/httpclient-4.5.3.jar:/Users/yesmail/.m2/repository/org/apache/httpcomponents/httpcore/4.4.6/httpcore-4.4.6.jar:/Users/yesmail/.m2/repository/org/apache/httpcomponents/httpmime/4.5.3/httpmime-4.5.3.jar:/Users/yesmail/.m2/repository/org/ccil/cowan/tagsoup/tagsoup/1.2.1/tagsoup-1.2.1.jar:/Users/yesmail/.m2/repository/io/rest-assured/xml-path/4.0.0/xml-path-4.0.0.jar:/Users/yesmail/.m2/repository/org/apache/commons/commons-lang3/3.4/commons-lang3-3.4.jar:/Users/yesmail/.m2/repository/javax/xml/bind/jaxb-api/2.2.12/jaxb-api-2.2.12.jar:/Users/yesmail/.m2/repository/com/sun/xml/bind/jaxb-osgi/2.2.10/jaxb-osgi-2.2.10.jar:/Users/yesmail/.m2/repository/org/apache/sling/org.apache.sling.javax.activation/0.1.0/org.apache.sling.javax.activation-0.1.0.jar:/Users/yesmail/.m2/repository/com/jayway/restassured/json-schema-validator/2.9.0/json-schema-validator-2.9.0.jar:/Users/yesmail/.m2/repository/com/github/fge/json-schema-validator/2.2.6/json-schema-validator-2.2.6.jar:/Users/yesmail/.m2/repository/com/google/code/findbugs/jsr305/3.0.0/jsr305-3.0.0.jar:/Users/yesmail/.m2/repository/joda-time/joda-time/2.3/joda-time-2.3.jar:/Users/yesmail/.m2/repository/com/googlecode/libphonenumber/libphonenumber/6.2/libphonenumber-6.2.jar:/Users/yesmail/.m2/repository/com/github/fge/json-schema-core/1.2.5/json-schema-core-1.2.5.jar:/Users/yesmail/.m2/repository/com/github/fge/uri-template/0.9/uri-template-0.9.jar:/Users/yesmail/.m2/repository/com/github/fge/msg-simple/1.1/msg-simple-1.1.jar:/Users/yesmail/.m2/repository/com/github/fge/btf/1.2/btf-1.2.jar:/Users/yesmail/.m2/repository/com/github/fge/jackson-coreutils/1.8/jackson-coreutils-1.8.jar:/Users/yesmail/.m2/repository/com/fasterxml/jackson/core/jackson-databind/2.2.3/jackson-databind-2.2.3.jar:/Users/yesmail/.m2/repository/com/fasterxml/jackson/core/jackson-annotations/2.2.3/jackson-annotations-2.2.3.jar:/Users/yesmail/.m2/repository/com/fasterxml/jackson/core/jackson-core/2.2.3/jackson-core-2.2.3.jar:/Users/yesmail/.m2/repository/org/mozilla/rhino/1.7R4/rhino-1.7R4.jar:/Users/yesmail/.m2/repository/javax/mail/mailapi/1.4.3/mailapi-1.4.3.jar:/Users/yesmail/.m2/repository/net/sf/jopt-simple/jopt-simple/4.6/jopt-simple-4.6.jar:/Users/yesmail/.m2/repository/junit/junit/4.13.1/junit-4.13.1.jar:/Users/yesmail/.m2/repository/org/aeonbits/owner/owner/1.0.10/owner-1.0.10.jar:/Users/yesmail/.m2/repository/com/googlecode/json-simple/json-simple/1.1/json-simple-1.1.jar:/Users/yesmail/.m2/repository/net/serenity-bdd/serenity-junit/2.3.12/serenity-junit-2.3.12.jar:/Users/yesmail/.m2/repository/net/bytebuddy/byte-buddy/1.10.10/byte-buddy-1.10.10.jar:/Users/yesmail/.m2/repository/net/bytebuddy/byte-buddy-agent/1.10.10/byte-buddy-agent-1.10.10.jar:/Users/yesmail/.m2/repository/com/google/guava/guava/25.0-jre/guava-25.0-jre.jar:/Users/yesmail/.m2/repository/org/checkerframework/checker-compat-qual/2.0.0/checker-compat-qual-2.0.0.jar:/Users/yesmail/.m2/repository/com/google/errorprone/error_prone_annotations/2.1.3/error_prone_annotations-2.1.3.jar:/Users/yesmail/.m2/repository/com/google/j2objc/j2objc-annotations/1.1/j2objc-annotations-1.1.jar:/Users/yesmail/.m2/repository/org/codehaus/mojo/animal-sniffer-annotations/1.14/animal-sniffer-annotations-1.14.jar:/Users/yesmail/.m2/repository/com/google/inject/guice/4.2.2/guice-4.2.2.jar:/Users/yesmail/.m2/repository/javax/inject/javax.inject/1/javax.inject-1.jar:/Users/yesmail/.m2/repository/aopalliance/aopalliance/1.0/aopalliance-1.0.jar:/Users/yesmail/.m2/repository/org/ow2/asm/asm/8.0.1/asm-8.0.1.jar:/Users/yesmail/.m2/repository/commons-codec/commons-codec/1.10/commons-codec-1.10.jar:/Users/yesmail/.m2/repository/org/objenesis/objenesis/3.1/objenesis-3.1.jar:/Users/yesmail/.m2/repository/xml-apis/xml-apis/1.4.01/xml-apis-1.4.01.jar:/Users/yesmail/.m2/repository/commons-logging/commons-logging/1.2/commons-logging-1.2.jar:/Users/yesmail/.m2/repository/io/vavr/vavr/0.9.0/vavr-0.9.0.jar:/Users/yesmail/.m2/repository/io/vavr/vavr-match/0.9.0/vavr-match-0.9.0.jar:/Users/yesmail/.m2/repository/com/sun/xml/bind/jaxb-core/2.3.0.1/jaxb-core-2.3.0.1.jar:/Users/yesmail/.m2/repository/com/sun/xml/bind/jaxb-impl/2.3.3/jaxb-impl-2.3.3.jar:/Users/yesmail/.m2/repository/jakarta/xml/bind/jakarta.xml.bind-api/2.3.3/jakarta.xml.bind-api-2.3.3.jar:/Users/yesmail/.m2/repository/com/sun/activation/jakarta.activation/1.2.2/jakarta.activation-1.2.2.jar:/Users/yesmail/.m2/repository/javax/activation/activation/1.1.1/activation-1.1.1.jar:/Users/yesmail/.m2/repository/org/mockito/mockito-core/3.1.0/mockito-core-3.1.0.jar:/Users/yesmail/.m2/repository/net/serenity-bdd/serenity-model/2.3.12/serenity-model-2.3.12.jar:/Users/yesmail/.m2/repository/net/serenity-bdd/serenity-report-resources/2.3.12/serenity-report-resources-2.3.12.jar:/Users/yesmail/.m2/repository/commons-net/commons-net/3.6/commons-net-3.6.jar:/Users/yesmail/.m2/repository/com/typesafe/config/1.3.1/config-1.3.1.jar:/Users/yesmail/.m2/repository/org/jsoup/jsoup/1.10.3/jsoup-1.10.3.jar:/Users/yesmail/.m2/repository/commons-collections/commons-collections/3.2.2/commons-collections-3.2.2.jar:/Users/yesmail/.m2/repository/commons-io/commons-io/2.6/commons-io-2.6.jar:/Users/yesmail/.m2/repository/org/apache/commons/commons-text/1.8/commons-text-1.8.jar:/Users/yesmail/.m2/repository/commons-beanutils/commons-beanutils-core/1.8.3/commons-beanutils-core-1.8.3.jar:/Users/yesmail/.m2/repository/net/sf/opencsv/opencsv/2.0/opencsv-2.0.jar:/Users/yesmail/.m2/repository/org/imgscalr/imgscalr-lib/4.2/imgscalr-lib-4.2.jar:/Users/yesmail/.m2/repository/com/thoughtworks/xstream/xstream/1.4.13/xstream-1.4.13.jar:/Users/yesmail/.m2/repository/xmlpull/xmlpull/1.1.3.1/xmlpull-1.1.3.1.jar:/Users/yesmail/.m2/repository/xpp3/xpp3_min/1.1.4c/xpp3_min-1.1.4c.jar:/Users/yesmail/.m2/repository/net/sourceforge/jexcelapi/jxl/2.6.12/jxl-2.6.12.jar:/Users/yesmail/.m2/repository/org/awaitility/awaitility/4.0.1/awaitility-4.0.1.jar:/Users/yesmail/.m2/repository/org/reflections/reflections/0.9.11/reflections-0.9.11.jar:/Users/yesmail/.m2/repository/org/javassist/javassist/3.21.0-GA/javassist-3.21.0-GA.jar:/Users/yesmail/.m2/repository/org/asciidoctor/asciidoctorj/1.5.6/asciidoctorj-1.5.6.jar:/Users/yesmail/.m2/repository/org/jruby/jruby-complete/1.7.26/jruby-complete-1.7.26.jar:/Users/yesmail/.m2/repository/org/freemarker/freemarker/2.3.29/freemarker-2.3.29.jar:/Users/yesmail/.m2/repository/com/vladsch/flexmark/flexmark-all/0.34.30/flexmark-all-0.34.30.jar:/Users/yesmail/.m2/repository/com/vladsch/flexmark/flexmark/0.34.30/flexmark-0.34.30.jar:/Users/yesmail/.m2/repository/com/vladsch/flexmark/flexmark-ext-abbreviation/0.34.30/flexmark-ext-abbreviation-0.34.30.jar:/Users/yesmail/.m2/repository/com/vladsch/flexmark/flexmark-ext-admonition/0.34.30/flexmark-ext-admonition-0.34.30.jar:/Users/yesmail/.m2/repository/com/vladsch/flexmark/flexmark-ext-anchorlink/0.34.30/flexmark-ext-anchorlink-0.34.30.jar:/Users/yesmail/.m2/repository/com/vladsch/flexmark/flexmark-ext-aside/0.34.30/flexmark-ext-aside-0.34.30.jar:/Users/yesmail/.m2/repository/com/vladsch/flexmark/flexmark-ext-attributes/0.34.30/flexmark-ext-attributes-0.34.30.jar:/Users/yesmail/.m2/repository/com/vladsch/flexmark/flexmark-ext-autolink/0.34.30/flexmark-ext-autolink-0.34.30.jar:/Users/yesmail/.m2/repository/org/nibor/autolink/autolink/0.6.0/autolink-0.6.0.jar:/Users/yesmail/.m2/repository/com/vladsch/flexmark/flexmark-ext-definition/0.34.30/flexmark-ext-definition-0.34.30.jar:/Users/yesmail/.m2/repository/com/vladsch/flexmark/flexmark-ext-emoji/0.34.30/flexmark-ext-emoji-0.34.30.jar:/Users/yesmail/.m2/repository/com/vladsch/flexmark/flexmark-ext-enumerated-reference/0.34.30/flexmark-ext-enumerated-reference-0.34.30.jar:/Users/yesmail/.m2/repository/com/vladsch/flexmark/flexmark-ext-escaped-character/0.34.30/flexmark-ext-escaped-character-0.34.30.jar:/Users/yesmail/.m2/repository/com/vladsch/flexmark/flexmark-ext-footnotes/0.34.30/flexmark-ext-footnotes-0.34.30.jar:/Users/yesmail/.m2/repository/com/vladsch/flexmark/flexmark-ext-gfm-issues/0.34.30/flexmark-ext-gfm-issues-0.34.30.jar:/Users/yesmail/.m2/repository/com/vladsch/flexmark/flexmark-ext-gfm-strikethrough/0.34.30/flexmark-ext-gfm-strikethrough-0.34.30.jar:/Users/yesmail/.m2/repository/com/vladsch/flexmark/flexmark-ext-gfm-tables/0.34.30/flexmark-ext-gfm-tables-0.34.30.jar:/Users/yesmail/.m2/repository/com/vladsch/flexmark/flexmark-ext-gfm-tasklist/0.34.30/flexmark-ext-gfm-tasklist-0.34.30.jar:/Users/yesmail/.m2/repository/com/vladsch/flexmark/flexmark-ext-gfm-users/0.34.30/flexmark-ext-gfm-users-0.34.30.jar:/Users/yesmail/.m2/repository/com/vladsch/flexmark/flexmark-ext-gitlab/0.34.30/flexmark-ext-gitlab-0.34.30.jar:/Users/yesmail/.m2/repository/com/vladsch/flexmark/flexmark-ext-jekyll-front-matter/0.34.30/flexmark-ext-jekyll-front-matter-0.34.30.jar:/Users/yesmail/.m2/repository/com/vladsch/flexmark/flexmark-ext-jekyll-tag/0.34.30/flexmark-ext-jekyll-tag-0.34.30.jar:/Users/yesmail/.m2/repository/com/vladsch/flexmark/flexmark-ext-media-tags/0.34.30/flexmark-ext-media-tags-0.34.30.jar:/Users/yesmail/.m2/repository/com/vladsch/flexmark/flexmark-test-util/0.34.30/flexmark-test-util-0.34.30.jar:/Users/yesmail/.m2/repository/com/vladsch/flexmark/flexmark-ext-ins/0.34.30/flexmark-ext-ins-0.34.30.jar:/Users/yesmail/.m2/repository/com/vladsch/flexmark/flexmark-ext-xwiki-macros/0.34.30/flexmark-ext-xwiki-macros-0.34.30.jar:/Users/yesmail/.m2/repository/com/vladsch/flexmark/flexmark-ext-superscript/0.34.30/flexmark-ext-superscript-0.34.30.jar:/Users/yesmail/.m2/repository/com/vladsch/flexmark/flexmark-ext-tables/0.34.30/flexmark-ext-tables-0.34.30.jar:/Users/yesmail/.m2/repository/com/vladsch/flexmark/flexmark-ext-toc/0.34.30/flexmark-ext-toc-0.34.30.jar:/Users/yesmail/.m2/repository/com/vladsch/flexmark/flexmark-ext-typographic/0.34.30/flexmark-ext-typographic-0.34.30.jar:/Users/yesmail/.m2/repository/com/vladsch/flexmark/flexmark-ext-wikilink/0.34.30/flexmark-ext-wikilink-0.34.30.jar:/Users/yesmail/.m2/repository/com/vladsch/flexmark/flexmark-ext-yaml-front-matter/0.34.30/flexmark-ext-yaml-front-matter-0.34.30.jar:/Users/yesmail/.m2/repository/com/vladsch/flexmark/flexmark-ext-youtube-embedded/0.34.30/flexmark-ext-youtube-embedded-0.34.30.jar:/Users/yesmail/.m2/repository/com/vladsch/flexmark/flexmark-formatter/0.34.30/flexmark-formatter-0.34.30.jar:/Users/yesmail/.m2/repository/com/vladsch/flexmark/flexmark-html-parser/0.34.30/flexmark-html-parser-0.34.30.jar:/Users/yesmail/.m2/repository/com/vladsch/flexmark/flexmark-jira-converter/0.34.30/flexmark-jira-converter-0.34.30.jar:/Users/yesmail/.m2/repository/com/vladsch/flexmark/flexmark-pdf-converter/0.34.30/flexmark-pdf-converter-0.34.30.jar:/Users/yesmail/.m2/repository/com/openhtmltopdf/openhtmltopdf-core/0.0.1-RC13/openhtmltopdf-core-0.0.1-RC13.jar:/Users/yesmail/.m2/repository/com/openhtmltopdf/openhtmltopdf-pdfbox/0.0.1-RC13/openhtmltopdf-pdfbox-0.0.1-RC13.jar:/Users/yesmail/.m2/repository/org/apache/pdfbox/pdfbox/2.0.8/pdfbox-2.0.8.jar:/Users/yesmail/.m2/repository/org/apache/pdfbox/fontbox/2.0.8/fontbox-2.0.8.jar:/Users/yesmail/.m2/repository/org/apache/pdfbox/xmpbox/2.0.8/xmpbox-2.0.8.jar:/Users/yesmail/.m2/repository/de/rototor/pdfbox/graphics2d/0.12/graphics2d-0.12.jar:/Users/yesmail/.m2/repository/com/openhtmltopdf/openhtmltopdf-rtl-support/0.0.1-RC13/openhtmltopdf-rtl-support-0.0.1-RC13.jar:/Users/yesmail/.m2/repository/com/ibm/icu/icu4j/59.1/icu4j-59.1.jar:/Users/yesmail/.m2/repository/com/openhtmltopdf/openhtmltopdf-jsoup-dom-converter/0.0.1-RC13/openhtmltopdf-jsoup-dom-converter-0.0.1-RC13.jar:/Users/yesmail/.m2/repository/com/vladsch/flexmark/flexmark-profile-pegdown/0.34.30/flexmark-profile-pegdown-0.34.30.jar:/Users/yesmail/.m2/repository/com/vladsch/flexmark/flexmark-util/0.34.30/flexmark-util-0.34.30.jar:/Users/yesmail/.m2/repository/com/vladsch/flexmark/flexmark-youtrack-converter/0.34.30/flexmark-youtrack-converter-0.34.30.jar:/Users/yesmail/.m2/repository/es/nitaur/markdown/txtmark/0.16/txtmark-0.16.jar:/Users/yesmail/.m2/repository/net/serenity-bdd/serenity-core/2.3.12/serenity-core-2.3.12.jar:/Users/yesmail/.m2/repository/net/serenity-bdd/serenity-reports/2.3.12/serenity-reports-2.3.12.jar:/Users/yesmail/.m2/repository/net/serenity-bdd/serenity-stats/2.3.12/serenity-stats-2.3.12.jar:/Users/yesmail/.m2/repository/org/jetbrains/kotlin/kotlin-stdlib-jdk8/1.4.10/kotlin-stdlib-jdk8-1.4.10.jar:/Users/yesmail/.m2/repository/org/jetbrains/kotlin/kotlin-stdlib-jdk7/1.4.10/kotlin-stdlib-jdk7-1.4.10.jar:/Users/yesmail/.m2/repository/org/seleniumhq/selenium/selenium-server/3.141.59/selenium-server-3.141.59.jar:/Users/yesmail/.m2/repository/org/seleniumhq/selenium/selenium-firefox-driver/3.141.59/selenium-firefox-driver-3.141.59.jar:/Users/yesmail/.m2/repository/org/seleniumhq/selenium/selenium-ie-driver/3.141.59/selenium-ie-driver-3.141.59.jar:/Users/yesmail/.m2/repository/com/beust/jcommander/1.72/jcommander-1.72.jar:/Users/yesmail/.m2/repository/org/apache/commons/commons-exec/1.3/commons-exec-1.3.jar:/Users/yesmail/.m2/repository/net/jcip/jcip-annotations/1.0/jcip-annotations-1.0.jar:/Users/yesmail/.m2/repository/org/seleniumhq/selenium/jetty-repacked/9.4.12.v20180830/jetty-repacked-9.4.12.v20180830.jar:/Users/yesmail/.m2/repository/com/squareup/okhttp3/okhttp/3.11.0/okhttp-3.11.0.jar:/Users/yesmail/.m2/repository/com/squareup/okio/okio/1.14.0/okio-1.14.0.jar:/Users/yesmail/.m2/repository/javax/servlet/javax.servlet-api/3.1.0/javax.servlet-api-3.1.0.jar:/Users/yesmail/.m2/repository/org/yaml/snakeyaml/1.19/snakeyaml-1.19.jar:/Users/yesmail/.m2/repository/org/seleniumhq/selenium/selenium-java/3.141.59/selenium-java-3.141.59.jar:/Users/yesmail/.m2/repository/org/seleniumhq/selenium/selenium-api/3.141.59/selenium-api-3.141.59.jar:/Users/yesmail/.m2/repository/org/seleniumhq/selenium/selenium-chrome-driver/3.141.59/selenium-chrome-driver-3.141.59.jar:/Users/yesmail/.m2/repository/org/seleniumhq/selenium/selenium-edge-driver/3.141.59/selenium-edge-driver-3.141.59.jar:/Users/yesmail/.m2/repository/org/seleniumhq/selenium/selenium-remote-driver/3.141.59/selenium-remote-driver-3.141.59.jar:/Users/yesmail/.m2/repository/org/seleniumhq/selenium/selenium-safari-driver/3.141.59/selenium-safari-driver-3.141.59.jar:/Users/yesmail/.m2/repository/org/seleniumhq/selenium/selenium-opera-driver/3.141.59/selenium-opera-driver-3.141.59.jar:/Users/yesmail/.m2/repository/org/seleniumhq/selenium/selenium-support/3.141.59/selenium-support-3.141.59.jar:/Users/yesmail/.m2/repository/com/paulhammant/ngwebdriver/1.1.5/ngwebdriver-1.1.5.jar:/Users/yesmail/.m2/repository/com/assertthat/selenium-shutterbug/0.9.3/selenium-shutterbug-0.9.3.jar:/Users/yesmail/.m2/repository/org/projectlombok/lombok/1.18.8/lombok-1.18.8.jar:/Users/yesmail/.m2/repository/com/github/zafarkhaja/java-semver/0.9.0/java-semver-0.9.0.jar:/Users/yesmail/.m2/repository/com/codeborne/phantomjsdriver/1.4.4/phantomjsdriver-1.4.4.jar:/Users/yesmail/.m2/repository/org/seleniumhq/selenium/htmlunit-driver/2.45.0/htmlunit-driver-2.45.0.jar:/Users/yesmail/.m2/repository/io/appium/java-client/7.3.0/java-client-7.3.0.jar:/Users/yesmail/.m2/repository/commons-validator/commons-validator/1.6/commons-validator-1.6.jar:/Users/yesmail/.m2/repository/commons-beanutils/commons-beanutils/1.9.2/commons-beanutils-1.9.2.jar:/Users/yesmail/.m2/repository/commons-digester/commons-digester/1.8.1/commons-digester-1.8.1.jar:/Users/yesmail/.m2/repository/org/aspectj/aspectjweaver/1.9.4/aspectjweaver-1.9.4.jar:/Users/yesmail/.m2/repository/org/springframework/spring-context-support/5.1.2.RELEASE/spring-context-support-5.1.2.RELEASE.jar:/Users/yesmail/.m2/repository/org/springframework/spring-beans/5.1.2.RELEASE/spring-beans-5.1.2.RELEASE.jar:/Users/yesmail/.m2/repository/org/springframework/spring-context/5.1.2.RELEASE/spring-context-5.1.2.RELEASE.jar:/Users/yesmail/.m2/repository/org/springframework/spring-aop/5.1.2.RELEASE/spring-aop-5.1.2.RELEASE.jar:/Users/yesmail/.m2/repository/org/springframework/spring-expression/5.1.2.RELEASE/spring-expression-5.1.2.RELEASE.jar:/Users/yesmail/.m2/repository/org/springframework/spring-core/5.1.2.RELEASE/spring-core-5.1.2.RELEASE.jar:/Users/yesmail/.m2/repository/org/springframework/spring-jcl/5.1.2.RELEASE/spring-jcl-5.1.2.RELEASE.jar:/Users/yesmail/.m2/repository/net/sourceforge/htmlunit/htmlunit/2.45.0/htmlunit-2.45.0.jar:/Users/yesmail/.m2/repository/net/sourceforge/htmlunit/htmlunit-core-js/2.45.0/htmlunit-core-js-2.45.0.jar:/Users/yesmail/.m2/repository/net/sourceforge/htmlunit/neko-htmlunit/2.45.0/neko-htmlunit-2.45.0.jar:/Users/yesmail/.m2/repository/xerces/xercesImpl/2.12.0/xercesImpl-2.12.0.jar:/Users/yesmail/.m2/repository/net/sourceforge/htmlunit/htmlunit-cssparser/1.7.0/htmlunit-cssparser-1.7.0.jar:/Users/yesmail/.m2/repository/org/brotli/dec/0.1.2/dec-0.1.2.jar:/Users/yesmail/.m2/repository/com/shapesecurity/salvation2/3.0.0/salvation2-3.0.0.jar:/Users/yesmail/.m2/repository/org/eclipse/jetty/websocket/websocket-client/9.4.34.v20201102/websocket-client-9.4.34.v20201102.jar:/Users/yesmail/.m2/repository/org/eclipse/jetty/jetty-client/9.4.34.v20201102/jetty-client-9.4.34.v20201102.jar:/Users/yesmail/.m2/repository/org/eclipse/jetty/jetty-http/9.4.34.v20201102/jetty-http-9.4.34.v20201102.jar:/Users/yesmail/.m2/repository/org/eclipse/jetty/jetty-util/9.4.34.v20201102/jetty-util-9.4.34.v20201102.jar:/Users/yesmail/.m2/repository/org/eclipse/jetty/jetty-io/9.4.34.v20201102/jetty-io-9.4.34.v20201102.jar:/Users/yesmail/.m2/repository/org/eclipse/jetty/websocket/websocket-common/9.4.34.v20201102/websocket-common-9.4.34.v20201102.jar:/Users/yesmail/.m2/repository/org/eclipse/jetty/websocket/websocket-api/9.4.34.v20201102/websocket-api-9.4.34.v20201102.jar:/Users/yesmail/.m2/repository/org/fluentlenium/fluentlenium-core/0.10.2/fluentlenium-core-0.10.2.jar:/Users/yesmail/.m2/repository/com/jhlabs/filters/2.0.235/filters-2.0.235.jar:/Users/yesmail/.m2/repository/javax/el/javax.el-api/2.2.4/javax.el-api-2.2.4.jar:/Users/yesmail/.m2/repository/org/glassfish/web/javax.el/2.2.4/javax.el-2.2.4.jar:/Users/yesmail/.m2/repository/xalan/xalan/2.7.2/xalan-2.7.2.jar:/Users/yesmail/.m2/repository/xalan/serializer/2.7.2/serializer-2.7.2.jar:/Users/yesmail/.m2/repository/com/google/jimfs/jimfs/1.1/jimfs-1.1.jar:/Users/yesmail/.m2/repository/io/github/bonigarcia/webdrivermanager/4.2.2/webdrivermanager-4.2.2.jar:/Users/yesmail/.m2/repository/org/apache/httpcomponents/client5/httpclient5/5.0.1/httpclient5-5.0.1.jar:/Users/yesmail/.m2/repository/org/apache/httpcomponents/core5/httpcore5/5.0.1/httpcore5-5.0.1.jar:/Users/yesmail/.m2/repository/org/apache/httpcomponents/core5/httpcore5-h2/5.0.1/httpcore5-h2-5.0.1.jar:/Users/yesmail/.m2/repository/org/rauschig/jarchivelib/1.1.0/jarchivelib-1.1.0.jar:/Users/yesmail/.m2/repository/org/apache/commons/commons-compress/1.20/commons-compress-1.20.jar:/Users/yesmail/.m2/repository/org/opentest4j/opentest4j/1.2.0/opentest4j-1.2.0.jar:/Users/yesmail/.m2/repository/net/serenity-bdd/serenity-ensure/2.3.12/serenity-ensure-2.3.12.jar:/Users/yesmail/.m2/repository/net/serenity-bdd/serenity-screenplay/2.3.12/serenity-screenplay-2.3.12.jar:/Users/yesmail/.m2/repository/net/serenity-bdd/serenity-screenplay-webdriver/2.3.12/serenity-screenplay-webdriver-2.3.12.jar:/Users/yesmail/.m2/repository/org/jetbrains/kotlin/kotlin-stdlib/1.4.10/kotlin-stdlib-1.4.10.jar:/Users/yesmail/.m2/repository/org/jetbrains/kotlin/kotlin-stdlib-common/1.4.10/kotlin-stdlib-common-1.4.10.jar:/Users/yesmail/.m2/repository/org/jetbrains/annotations/13.0/annotations-13.0.jar:/Users/yesmail/.m2/repository/org/assertj/assertj-core/3.12.2/assertj-core-3.12.2.jar:/Users/yesmail/.m2/repository/net/serenity-bdd/serenity-cucumber6/2.3.12/serenity-cucumber6-2.3.12.jar:/Users/yesmail/.m2/repository/io/cucumber/datatable-matchers/3.4.0/datatable-matchers-3.4.0.jar:/Users/yesmail/.m2/repository/org/hamcrest/hamcrest/2.2/hamcrest-2.2.jar:/Users/yesmail/.m2/repository/org/apache/commons/commons-csv/1.5/commons-csv-1.5.jar:/Users/yesmail/.m2/repository/com/google/code/gson/gson/2.8.4/gson-2.8.4.jar:"/>
    <property name="java.vm.vendor" value="Eclipse OpenJ9"/>
    <property name="sun.arch.data.model" value="64"/>
    <property name="com.ibm.vm.bitmode" value="64"/>
    <property name="user.variant" value=""/>
    <property name="com.ibm.oti.vm.library.version" value="29"/>
    <property name="java.vendor.url" value="https://www.ibm.com/semeru-runtimes"/>
    <property name="user.timezone" value="Europe/London"/>
    <property name="java.vm.specification.version" value="11"/>
    <property name="os.name" value="Mac OS X"/>
    <property name="sun.java.launcher" value="SUN_STANDARD"/>
    <property name="user.country" value="GB"/>
    <property name="sun.boot.library.path" value="/Users/yesmail/Library/Java/JavaVirtualMachines/semeru-11.0.21/Contents/Home/lib/default:/Users/yesmail/Library/Java/JavaVirtualMachines/semeru-11.0.21/Contents/Home/lib"/>
    <property name="sun.java.command" value="/Users/yesmail/Documents/resfulAPi/target/surefire/surefirebooter10817652024563077521.jar /Users/yesmail/Documents/resfulAPi/target/surefire 2023-09-22T11-00-36_824-jvmRun1 surefire11456624453481402814tmp surefire_016744370409757899295tmp"/>
    <property name="surefire.test.class.path" value="/Users/yesmail/Documents/resfulAPi/target/test-classes:/Users/yesmail/Documents/resfulAPi/target/classes:/Users/yesmail/.m2/repository/org/slf4j/slf4j-api/1.7.5/slf4j-api-1.7.5.jar:/Users/yesmail/.m2/repository/org/slf4j/slf4j-log4j12/1.7.5/slf4j-log4j12-1.7.5.jar:/Users/yesmail/.m2/repository/log4j/log4j/1.2.17/log4j-1.2.17.jar:/Users/yesmail/.m2/repository/org/hamcrest/hamcrest-library/1.3/hamcrest-library-1.3.jar:/Users/yesmail/.m2/repository/org/hamcrest/hamcrest-core/1.3/hamcrest-core-1.3.jar:/Users/yesmail/.m2/repository/io/cucumber/cucumber-java/6.9.0/cucumber-java-6.9.0.jar:/Users/yesmail/.m2/repository/io/cucumber/cucumber-core/6.9.0/cucumber-core-6.9.0.jar:/Users/yesmail/.m2/repository/io/cucumber/cucumber-gherkin/6.9.0/cucumber-gherkin-6.9.0.jar:/Users/yesmail/.m2/repository/io/cucumber/cucumber-gherkin-messages/6.9.0/cucumber-gherkin-messages-6.9.0.jar:/Users/yesmail/.m2/repository/io/cucumber/messages/13.2.0/messages-13.2.0.jar:/Users/yesmail/.m2/repository/io/cucumber/tag-expressions/3.0.0/tag-expressions-3.0.0.jar:/Users/yesmail/.m2/repository/io/cucumber/cucumber-expressions/10.3.0/cucumber-expressions-10.3.0.jar:/Users/yesmail/.m2/repository/io/cucumber/datatable/3.5.0/datatable-3.5.0.jar:/Users/yesmail/.m2/repository/io/cucumber/cucumber-plugin/6.9.0/cucumber-plugin-6.9.0.jar:/Users/yesmail/.m2/repository/io/cucumber/docstring/6.9.0/docstring-6.9.0.jar:/Users/yesmail/.m2/repository/io/cucumber/html-formatter/9.0.0/html-formatter-9.0.0.jar:/Users/yesmail/.m2/repository/io/cucumber/create-meta/2.0.4/create-meta-2.0.4.jar:/Users/yesmail/.m2/repository/org/apiguardian/apiguardian-api/1.1.0/apiguardian-api-1.1.0.jar:/Users/yesmail/.m2/repository/io/cucumber/cucumber-junit/6.9.0/cucumber-junit-6.9.0.jar:/Users/yesmail/.m2/repository/io/rest-assured/json-path/4.0.0/json-path-4.0.0.jar:/Users/yesmail/.m2/repository/org/codehaus/groovy/groovy-json/2.5.6/groovy-json-2.5.6.jar:/Users/yesmail/.m2/repository/org/codehaus/groovy/groovy/2.5.6/groovy-2.5.6.jar:/Users/yesmail/.m2/repository/io/rest-assured/rest-assured-common/4.0.0/rest-assured-common-4.0.0.jar:/Users/yesmail/.m2/repository/io/rest-assured/rest-assured/4.0.0/rest-assured-4.0.0.jar:/Users/yesmail/.m2/repository/org/codehaus/groovy/groovy-xml/2.5.6/groovy-xml-2.5.6.jar:/Users/yesmail/.m2/repository/org/apache/httpcomponents/httpclient/4.5.3/httpclient-4.5.3.jar:/Users/yesmail/.m2/repository/org/apache/httpcomponents/httpcore/4.4.6/httpcore-4.4.6.jar:/Users/yesmail/.m2/repository/org/apache/httpcomponents/httpmime/4.5.3/httpmime-4.5.3.jar:/Users/yesmail/.m2/repository/org/ccil/cowan/tagsoup/tagsoup/1.2.1/tagsoup-1.2.1.jar:/Users/yesmail/.m2/repository/io/rest-assured/xml-path/4.0.0/xml-path-4.0.0.jar:/Users/yesmail/.m2/repository/org/apache/commons/commons-lang3/3.4/commons-lang3-3.4.jar:/Users/yesmail/.m2/repository/javax/xml/bind/jaxb-api/2.2.12/jaxb-api-2.2.12.jar:/Users/yesmail/.m2/repository/com/sun/xml/bind/jaxb-osgi/2.2.10/jaxb-osgi-2.2.10.jar:/Users/yesmail/.m2/repository/org/apache/sling/org.apache.sling.javax.activation/0.1.0/org.apache.sling.javax.activation-0.1.0.jar:/Users/yesmail/.m2/repository/com/jayway/restassured/json-schema-validator/2.9.0/json-schema-validator-2.9.0.jar:/Users/yesmail/.m2/repository/com/github/fge/json-schema-validator/2.2.6/json-schema-validator-2.2.6.jar:/Users/yesmail/.m2/repository/com/google/code/findbugs/jsr305/3.0.0/jsr305-3.0.0.jar:/Users/yesmail/.m2/repository/joda-time/joda-time/2.3/joda-time-2.3.jar:/Users/yesmail/.m2/repository/com/googlecode/libphonenumber/libphonenumber/6.2/libphonenumber-6.2.jar:/Users/yesmail/.m2/repository/com/github/fge/json-schema-core/1.2.5/json-schema-core-1.2.5.jar:/Users/yesmail/.m2/repository/com/github/fge/uri-template/0.9/uri-template-0.9.jar:/Users/yesmail/.m2/repository/com/github/fge/msg-simple/1.1/msg-simple-1.1.jar:/Users/yesmail/.m2/repository/com/github/fge/btf/1.2/btf-1.2.jar:/Users/yesmail/.m2/repository/com/github/fge/jackson-coreutils/1.8/jackson-coreutils-1.8.jar:/Users/yesmail/.m2/repository/com/fasterxml/jackson/core/jackson-databind/2.2.3/jackson-databind-2.2.3.jar:/Users/yesmail/.m2/repository/com/fasterxml/jackson/core/jackson-annotations/2.2.3/jackson-annotations-2.2.3.jar:/Users/yesmail/.m2/repository/com/fasterxml/jackson/core/jackson-core/2.2.3/jackson-core-2.2.3.jar:/Users/yesmail/.m2/repository/org/mozilla/rhino/1.7R4/rhino-1.7R4.jar:/Users/yesmail/.m2/repository/javax/mail/mailapi/1.4.3/mailapi-1.4.3.jar:/Users/yesmail/.m2/repository/net/sf/jopt-simple/jopt-simple/4.6/jopt-simple-4.6.jar:/Users/yesmail/.m2/repository/junit/junit/4.13.1/junit-4.13.1.jar:/Users/yesmail/.m2/repository/org/aeonbits/owner/owner/1.0.10/owner-1.0.10.jar:/Users/yesmail/.m2/repository/com/googlecode/json-simple/json-simple/1.1/json-simple-1.1.jar:/Users/yesmail/.m2/repository/net/serenity-bdd/serenity-junit/2.3.12/serenity-junit-2.3.12.jar:/Users/yesmail/.m2/repository/net/bytebuddy/byte-buddy/1.10.10/byte-buddy-1.10.10.jar:/Users/yesmail/.m2/repository/net/bytebuddy/byte-buddy-agent/1.10.10/byte-buddy-agent-1.10.10.jar:/Users/yesmail/.m2/repository/com/google/guava/guava/25.0-jre/guava-25.0-jre.jar:/Users/yesmail/.m2/repository/org/checkerframework/checker-compat-qual/2.0.0/checker-compat-qual-2.0.0.jar:/Users/yesmail/.m2/repository/com/google/errorprone/error_prone_annotations/2.1.3/error_prone_annotations-2.1.3.jar:/Users/yesmail/.m2/repository/com/google/j2objc/j2objc-annotations/1.1/j2objc-annotations-1.1.jar:/Users/yesmail/.m2/repository/org/codehaus/mojo/animal-sniffer-annotations/1.14/animal-sniffer-annotations-1.14.jar:/Users/yesmail/.m2/repository/com/google/inject/guice/4.2.2/guice-4.2.2.jar:/Users/yesmail/.m2/repository/javax/inject/javax.inject/1/javax.inject-1.jar:/Users/yesmail/.m2/repository/aopalliance/aopalliance/1.0/aopalliance-1.0.jar:/Users/yesmail/.m2/repository/org/ow2/asm/asm/8.0.1/asm-8.0.1.jar:/Users/yesmail/.m2/repository/commons-codec/commons-codec/1.10/commons-codec-1.10.jar:/Users/yesmail/.m2/repository/org/objenesis/objenesis/3.1/objenesis-3.1.jar:/Users/yesmail/.m2/repository/xml-apis/xml-apis/1.4.01/xml-apis-1.4.01.jar:/Users/yesmail/.m2/repository/commons-logging/commons-logging/1.2/commons-logging-1.2.jar:/Users/yesmail/.m2/repository/io/vavr/vavr/0.9.0/vavr-0.9.0.jar:/Users/yesmail/.m2/repository/io/vavr/vavr-match/0.9.0/vavr-match-0.9.0.jar:/Users/yesmail/.m2/repository/com/sun/xml/bind/jaxb-core/2.3.0.1/jaxb-core-2.3.0.1.jar:/Users/yesmail/.m2/repository/com/sun/xml/bind/jaxb-impl/2.3.3/jaxb-impl-2.3.3.jar:/Users/yesmail/.m2/repository/jakarta/xml/bind/jakarta.xml.bind-api/2.3.3/jakarta.xml.bind-api-2.3.3.jar:/Users/yesmail/.m2/repository/com/sun/activation/jakarta.activation/1.2.2/jakarta.activation-1.2.2.jar:/Users/yesmail/.m2/repository/javax/activation/activation/1.1.1/activation-1.1.1.jar:/Users/yesmail/.m2/repository/org/mockito/mockito-core/3.1.0/mockito-core-3.1.0.jar:/Users/yesmail/.m2/repository/net/serenity-bdd/serenity-model/2.3.12/serenity-model-2.3.12.jar:/Users/yesmail/.m2/repository/net/serenity-bdd/serenity-report-resources/2.3.12/serenity-report-resources-2.3.12.jar:/Users/yesmail/.m2/repository/commons-net/commons-net/3.6/commons-net-3.6.jar:/Users/yesmail/.m2/repository/com/typesafe/config/1.3.1/config-1.3.1.jar:/Users/yesmail/.m2/repository/org/jsoup/jsoup/1.10.3/jsoup-1.10.3.jar:/Users/yesmail/.m2/repository/commons-collections/commons-collections/3.2.2/commons-collections-3.2.2.jar:/Users/yesmail/.m2/repository/commons-io/commons-io/2.6/commons-io-2.6.jar:/Users/yesmail/.m2/repository/org/apache/commons/commons-text/1.8/commons-text-1.8.jar:/Users/yesmail/.m2/repository/commons-beanutils/commons-beanutils-core/1.8.3/commons-beanutils-core-1.8.3.jar:/Users/yesmail/.m2/repository/net/sf/opencsv/opencsv/2.0/opencsv-2.0.jar:/Users/yesmail/.m2/repository/org/imgscalr/imgscalr-lib/4.2/imgscalr-lib-4.2.jar:/Users/yesmail/.m2/repository/com/thoughtworks/xstream/xstream/1.4.13/xstream-1.4.13.jar:/Users/yesmail/.m2/repository/xmlpull/xmlpull/1.1.3.1/xmlpull-1.1.3.1.jar:/Users/yesmail/.m2/repository/xpp3/xpp3_min/1.1.4c/xpp3_min-1.1.4c.jar:/Users/yesmail/.m2/repository/net/sourceforge/jexcelapi/jxl/2.6.12/jxl-2.6.12.jar:/Users/yesmail/.m2/repository/org/awaitility/awaitility/4.0.1/awaitility-4.0.1.jar:/Users/yesmail/.m2/repository/org/reflections/reflections/0.9.11/reflections-0.9.11.jar:/Users/yesmail/.m2/repository/org/javassist/javassist/3.21.0-GA/javassist-3.21.0-GA.jar:/Users/yesmail/.m2/repository/org/asciidoctor/asciidoctorj/1.5.6/asciidoctorj-1.5.6.jar:/Users/yesmail/.m2/repository/org/jruby/jruby-complete/1.7.26/jruby-complete-1.7.26.jar:/Users/yesmail/.m2/repository/org/freemarker/freemarker/2.3.29/freemarker-2.3.29.jar:/Users/yesmail/.m2/repository/com/vladsch/flexmark/flexmark-all/0.34.30/flexmark-all-0.34.30.jar:/Users/yesmail/.m2/repository/com/vladsch/flexmark/flexmark/0.34.30/flexmark-0.34.30.jar:/Users/yesmail/.m2/repository/com/vladsch/flexmark/flexmark-ext-abbreviation/0.34.30/flexmark-ext-abbreviation-0.34.30.jar:/Users/yesmail/.m2/repository/com/vladsch/flexmark/flexmark-ext-admonition/0.34.30/flexmark-ext-admonition-0.34.30.jar:/Users/yesmail/.m2/repository/com/vladsch/flexmark/flexmark-ext-anchorlink/0.34.30/flexmark-ext-anchorlink-0.34.30.jar:/Users/yesmail/.m2/repository/com/vladsch/flexmark/flexmark-ext-aside/0.34.30/flexmark-ext-aside-0.34.30.jar:/Users/yesmail/.m2/repository/com/vladsch/flexmark/flexmark-ext-attributes/0.34.30/flexmark-ext-attributes-0.34.30.jar:/Users/yesmail/.m2/repository/com/vladsch/flexmark/flexmark-ext-autolink/0.34.30/flexmark-ext-autolink-0.34.30.jar:/Users/yesmail/.m2/repository/org/nibor/autolink/autolink/0.6.0/autolink-0.6.0.jar:/Users/yesmail/.m2/repository/com/vladsch/flexmark/flexmark-ext-definition/0.34.30/flexmark-ext-definition-0.34.30.jar:/Users/yesmail/.m2/repository/com/vladsch/flexmark/flexmark-ext-emoji/0.34.30/flexmark-ext-emoji-0.34.30.jar:/Users/yesmail/.m2/repository/com/vladsch/flexmark/flexmark-ext-enumerated-reference/0.34.30/flexmark-ext-enumerated-reference-0.34.30.jar:/Users/yesmail/.m2/repository/com/vladsch/flexmark/flexmark-ext-escaped-character/0.34.30/flexmark-ext-escaped-character-0.34.30.jar:/Users/yesmail/.m2/repository/com/vladsch/flexmark/flexmark-ext-footnotes/0.34.30/flexmark-ext-footnotes-0.34.30.jar:/Users/yesmail/.m2/repository/com/vladsch/flexmark/flexmark-ext-gfm-issues/0.34.30/flexmark-ext-gfm-issues-0.34.30.jar:/Users/yesmail/.m2/repository/com/vladsch/flexmark/flexmark-ext-gfm-strikethrough/0.34.30/flexmark-ext-gfm-strikethrough-0.34.30.jar:/Users/yesmail/.m2/repository/com/vladsch/flexmark/flexmark-ext-gfm-tables/0.34.30/flexmark-ext-gfm-tables-0.34.30.jar:/Users/yesmail/.m2/repository/com/vladsch/flexmark/flexmark-ext-gfm-tasklist/0.34.30/flexmark-ext-gfm-tasklist-0.34.30.jar:/Users/yesmail/.m2/repository/com/vladsch/flexmark/flexmark-ext-gfm-users/0.34.30/flexmark-ext-gfm-users-0.34.30.jar:/Users/yesmail/.m2/repository/com/vladsch/flexmark/flexmark-ext-gitlab/0.34.30/flexmark-ext-gitlab-0.34.30.jar:/Users/yesmail/.m2/repository/com/vladsch/flexmark/flexmark-ext-jekyll-front-matter/0.34.30/flexmark-ext-jekyll-front-matter-0.34.30.jar:/Users/yesmail/.m2/repository/com/vladsch/flexmark/flexmark-ext-jekyll-tag/0.34.30/flexmark-ext-jekyll-tag-0.34.30.jar:/Users/yesmail/.m2/repository/com/vladsch/flexmark/flexmark-ext-media-tags/0.34.30/flexmark-ext-media-tags-0.34.30.jar:/Users/yesmail/.m2/repository/com/vladsch/flexmark/flexmark-test-util/0.34.30/flexmark-test-util-0.34.30.jar:/Users/yesmail/.m2/repository/com/vladsch/flexmark/flexmark-ext-ins/0.34.30/flexmark-ext-ins-0.34.30.jar:/Users/yesmail/.m2/repository/com/vladsch/flexmark/flexmark-ext-xwiki-macros/0.34.30/flexmark-ext-xwiki-macros-0.34.30.jar:/Users/yesmail/.m2/repository/com/vladsch/flexmark/flexmark-ext-superscript/0.34.30/flexmark-ext-superscript-0.34.30.jar:/Users/yesmail/.m2/repository/com/vladsch/flexmark/flexmark-ext-tables/0.34.30/flexmark-ext-tables-0.34.30.jar:/Users/yesmail/.m2/repository/com/vladsch/flexmark/flexmark-ext-toc/0.34.30/flexmark-ext-toc-0.34.30.jar:/Users/yesmail/.m2/repository/com/vladsch/flexmark/flexmark-ext-typographic/0.34.30/flexmark-ext-typographic-0.34.30.jar:/Users/yesmail/.m2/repository/com/vladsch/flexmark/flexmark-ext-wikilink/0.34.30/flexmark-ext-wikilink-0.34.30.jar:/Users/yesmail/.m2/repository/com/vladsch/flexmark/flexmark-ext-yaml-front-matter/0.34.30/flexmark-ext-yaml-front-matter-0.34.30.jar:/Users/yesmail/.m2/repository/com/vladsch/flexmark/flexmark-ext-youtube-embedded/0.34.30/flexmark-ext-youtube-embedded-0.34.30.jar:/Users/yesmail/.m2/repository/com/vladsch/flexmark/flexmark-formatter/0.34.30/flexmark-formatter-0.34.30.jar:/Users/yesmail/.m2/repository/com/vladsch/flexmark/flexmark-html-parser/0.34.30/flexmark-html-parser-0.34.30.jar:/Users/yesmail/.m2/repository/com/vladsch/flexmark/flexmark-jira-converter/0.34.30/flexmark-jira-converter-0.34.30.jar:/Users/yesmail/.m2/repository/com/vladsch/flexmark/flexmark-pdf-converter/0.34.30/flexmark-pdf-converter-0.34.30.jar:/Users/yesmail/.m2/repository/com/openhtmltopdf/openhtmltopdf-core/0.0.1-RC13/openhtmltopdf-core-0.0.1-RC13.jar:/Users/yesmail/.m2/repository/com/openhtmltopdf/openhtmltopdf-pdfbox/0.0.1-RC13/openhtmltopdf-pdfbox-0.0.1-RC13.jar:/Users/yesmail/.m2/repository/org/apache/pdfbox/pdfbox/2.0.8/pdfbox-2.0.8.jar:/Users/yesmail/.m2/repository/org/apache/pdfbox/fontbox/2.0.8/fontbox-2.0.8.jar:/Users/yesmail/.m2/repository/org/apache/pdfbox/xmpbox/2.0.8/xmpbox-2.0.8.jar:/Users/yesmail/.m2/repository/de/rototor/pdfbox/graphics2d/0.12/graphics2d-0.12.jar:/Users/yesmail/.m2/repository/com/openhtmltopdf/openhtmltopdf-rtl-support/0.0.1-RC13/openhtmltopdf-rtl-support-0.0.1-RC13.jar:/Users/yesmail/.m2/repository/com/ibm/icu/icu4j/59.1/icu4j-59.1.jar:/Users/yesmail/.m2/repository/com/openhtmltopdf/openhtmltopdf-jsoup-dom-converter/0.0.1-RC13/openhtmltopdf-jsoup-dom-converter-0.0.1-RC13.jar:/Users/yesmail/.m2/repository/com/vladsch/flexmark/flexmark-profile-pegdown/0.34.30/flexmark-profile-pegdown-0.34.30.jar:/Users/yesmail/.m2/repository/com/vladsch/flexmark/flexmark-util/0.34.30/flexmark-util-0.34.30.jar:/Users/yesmail/.m2/repository/com/vladsch/flexmark/flexmark-youtrack-converter/0.34.30/flexmark-youtrack-converter-0.34.30.jar:/Users/yesmail/.m2/repository/es/nitaur/markdown/txtmark/0.16/txtmark-0.16.jar:/Users/yesmail/.m2/repository/net/serenity-bdd/serenity-core/2.3.12/serenity-core-2.3.12.jar:/Users/yesmail/.m2/repository/net/serenity-bdd/serenity-reports/2.3.12/serenity-reports-2.3.12.jar:/Users/yesmail/.m2/repository/net/serenity-bdd/serenity-stats/2.3.12/serenity-stats-2.3.12.jar:/Users/yesmail/.m2/repository/org/jetbrains/kotlin/kotlin-stdlib-jdk8/1.4.10/kotlin-stdlib-jdk8-1.4.10.jar:/Users/yesmail/.m2/repository/org/jetbrains/kotlin/kotlin-stdlib-jdk7/1.4.10/kotlin-stdlib-jdk7-1.4.10.jar:/Users/yesmail/.m2/repository/org/seleniumhq/selenium/selenium-server/3.141.59/selenium-server-3.141.59.jar:/Users/yesmail/.m2/repository/org/seleniumhq/selenium/selenium-firefox-driver/3.141.59/selenium-firefox-driver-3.141.59.jar:/Users/yesmail/.m2/repository/org/seleniumhq/selenium/selenium-ie-driver/3.141.59/selenium-ie-driver-3.141.59.jar:/Users/yesmail/.m2/repository/com/beust/jcommander/1.72/jcommander-1.72.jar:/Users/yesmail/.m2/repository/org/apache/commons/commons-exec/1.3/commons-exec-1.3.jar:/Users/yesmail/.m2/repository/net/jcip/jcip-annotations/1.0/jcip-annotations-1.0.jar:/Users/yesmail/.m2/repository/org/seleniumhq/selenium/jetty-repacked/9.4.12.v20180830/jetty-repacked-9.4.12.v20180830.jar:/Users/yesmail/.m2/repository/com/squareup/okhttp3/okhttp/3.11.0/okhttp-3.11.0.jar:/Users/yesmail/.m2/repository/com/squareup/okio/okio/1.14.0/okio-1.14.0.jar:/Users/yesmail/.m2/repository/javax/servlet/javax.servlet-api/3.1.0/javax.servlet-api-3.1.0.jar:/Users/yesmail/.m2/repository/org/yaml/snakeyaml/1.19/snakeyaml-1.19.jar:/Users/yesmail/.m2/repository/org/seleniumhq/selenium/selenium-java/3.141.59/selenium-java-3.141.59.jar:/Users/yesmail/.m2/repository/org/seleniumhq/selenium/selenium-api/3.141.59/selenium-api-3.141.59.jar:/Users/yesmail/.m2/repository/org/seleniumhq/selenium/selenium-chrome-driver/3.141.59/selenium-chrome-driver-3.141.59.jar:/Users/yesmail/.m2/repository/org/seleniumhq/selenium/selenium-edge-driver/3.141.59/selenium-edge-driver-3.141.59.jar:/Users/yesmail/.m2/repository/org/seleniumhq/selenium/selenium-remote-driver/3.141.59/selenium-remote-driver-3.141.59.jar:/Users/yesmail/.m2/repository/org/seleniumhq/selenium/selenium-safari-driver/3.141.59/selenium-safari-driver-3.141.59.jar:/Users/yesmail/.m2/repository/org/seleniumhq/selenium/selenium-opera-driver/3.141.59/selenium-opera-driver-3.141.59.jar:/Users/yesmail/.m2/repository/org/seleniumhq/selenium/selenium-support/3.141.59/selenium-support-3.141.59.jar:/Users/yesmail/.m2/repository/com/paulhammant/ngwebdriver/1.1.5/ngwebdriver-1.1.5.jar:/Users/yesmail/.m2/repository/com/assertthat/selenium-shutterbug/0.9.3/selenium-shutterbug-0.9.3.jar:/Users/yesmail/.m2/repository/org/projectlombok/lombok/1.18.8/lombok-1.18.8.jar:/Users/yesmail/.m2/repository/com/github/zafarkhaja/java-semver/0.9.0/java-semver-0.9.0.jar:/Users/yesmail/.m2/repository/com/codeborne/phantomjsdriver/1.4.4/phantomjsdriver-1.4.4.jar:/Users/yesmail/.m2/repository/org/seleniumhq/selenium/htmlunit-driver/2.45.0/htmlunit-driver-2.45.0.jar:/Users/yesmail/.m2/repository/io/appium/java-client/7.3.0/java-client-7.3.0.jar:/Users/yesmail/.m2/repository/commons-validator/commons-validator/1.6/commons-validator-1.6.jar:/Users/yesmail/.m2/repository/commons-beanutils/commons-beanutils/1.9.2/commons-beanutils-1.9.2.jar:/Users/yesmail/.m2/repository/commons-digester/commons-digester/1.8.1/commons-digester-1.8.1.jar:/Users/yesmail/.m2/repository/org/aspectj/aspectjweaver/1.9.4/aspectjweaver-1.9.4.jar:/Users/yesmail/.m2/repository/org/springframework/spring-context-support/5.1.2.RELEASE/spring-context-support-5.1.2.RELEASE.jar:/Users/yesmail/.m2/repository/org/springframework/spring-beans/5.1.2.RELEASE/spring-beans-5.1.2.RELEASE.jar:/Users/yesmail/.m2/repository/org/springframework/spring-context/5.1.2.RELEASE/spring-context-5.1.2.RELEASE.jar:/Users/yesmail/.m2/repository/org/springframework/spring-aop/5.1.2.RELEASE/spring-aop-5.1.2.RELEASE.jar:/Users/yesmail/.m2/repository/org/springframework/spring-expression/5.1.2.RELEASE/spring-expression-5.1.2.RELEASE.jar:/Users/yesmail/.m2/repository/org/springframework/spring-core/5.1.2.RELEASE/spring-core-5.1.2.RELEASE.jar:/Users/yesmail/.m2/repository/org/springframework/spring-jcl/5.1.2.RELEASE/spring-jcl-5.1.2.RELEASE.jar:/Users/yesmail/.m2/repository/net/sourceforge/htmlunit/htmlunit/2.45.0/htmlunit-2.45.0.jar:/Users/yesmail/.m2/repository/net/sourceforge/htmlunit/htmlunit-core-js/2.45.0/htmlunit-core-js-2.45.0.jar:/Users/yesmail/.m2/repository/net/sourceforge/htmlunit/neko-htmlunit/2.45.0/neko-htmlunit-2.45.0.jar:/Users/yesmail/.m2/repository/xerces/xercesImpl/2.12.0/xercesImpl-2.12.0.jar:/Users/yesmail/.m2/repository/net/sourceforge/htmlunit/htmlunit-cssparser/1.7.0/htmlunit-cssparser-1.7.0.jar:/Users/yesmail/.m2/repository/org/brotli/dec/0.1.2/dec-0.1.2.jar:/Users/yesmail/.m2/repository/com/shapesecurity/salvation2/3.0.0/salvation2-3.0.0.jar:/Users/yesmail/.m2/repository/org/eclipse/jetty/websocket/websocket-client/9.4.34.v20201102/websocket-client-9.4.34.v20201102.jar:/Users/yesmail/.m2/repository/org/eclipse/jetty/jetty-client/9.4.34.v20201102/jetty-client-9.4.34.v20201102.jar:/Users/yesmail/.m2/repository/org/eclipse/jetty/jetty-http/9.4.34.v20201102/jetty-http-9.4.34.v20201102.jar:/Users/yesmail/.m2/repository/org/eclipse/jetty/jetty-util/9.4.34.v20201102/jetty-util-9.4.34.v20201102.jar:/Users/yesmail/.m2/repository/org/eclipse/jetty/jetty-io/9.4.34.v20201102/jetty-io-9.4.34.v20201102.jar:/Users/yesmail/.m2/repository/org/eclipse/jetty/websocket/websocket-common/9.4.34.v20201102/websocket-common-9.4.34.v20201102.jar:/Users/yesmail/.m2/repository/org/eclipse/jetty/websocket/websocket-api/9.4.34.v20201102/websocket-api-9.4.34.v20201102.jar:/Users/yesmail/.m2/repository/org/fluentlenium/fluentlenium-core/0.10.2/fluentlenium-core-0.10.2.jar:/Users/yesmail/.m2/repository/com/jhlabs/filters/2.0.235/filters-2.0.235.jar:/Users/yesmail/.m2/repository/javax/el/javax.el-api/2.2.4/javax.el-api-2.2.4.jar:/Users/yesmail/.m2/repository/org/glassfish/web/javax.el/2.2.4/javax.el-2.2.4.jar:/Users/yesmail/.m2/repository/xalan/xalan/2.7.2/xalan-2.7.2.jar:/Users/yesmail/.m2/repository/xalan/serializer/2.7.2/serializer-2.7.2.jar:/Users/yesmail/.m2/repository/com/google/jimfs/jimfs/1.1/jimfs-1.1.jar:/Users/yesmail/.m2/repository/io/github/bonigarcia/webdrivermanager/4.2.2/webdrivermanager-4.2.2.jar:/Users/yesmail/.m2/repository/org/apache/httpcomponents/client5/httpclient5/5.0.1/httpclient5-5.0.1.jar:/Users/yesmail/.m2/repository/org/apache/httpcomponents/core5/httpcore5/5.0.1/httpcore5-5.0.1.jar:/Users/yesmail/.m2/repository/org/apache/httpcomponents/core5/httpcore5-h2/5.0.1/httpcore5-h2-5.0.1.jar:/Users/yesmail/.m2/repository/org/rauschig/jarchivelib/1.1.0/jarchivelib-1.1.0.jar:/Users/yesmail/.m2/repository/org/apache/commons/commons-compress/1.20/commons-compress-1.20.jar:/Users/yesmail/.m2/repository/org/opentest4j/opentest4j/1.2.0/opentest4j-1.2.0.jar:/Users/yesmail/.m2/repository/net/serenity-bdd/serenity-ensure/2.3.12/serenity-ensure-2.3.12.jar:/Users/yesmail/.m2/repository/net/serenity-bdd/serenity-screenplay/2.3.12/serenity-screenplay-2.3.12.jar:/Users/yesmail/.m2/repository/net/serenity-bdd/serenity-screenplay-webdriver/2.3.12/serenity-screenplay-webdriver-2.3.12.jar:/Users/yesmail/.m2/repository/org/jetbrains/kotlin/kotlin-stdlib/1.4.10/kotlin-stdlib-1.4.10.jar:/Users/yesmail/.m2/repository/org/jetbrains/kotlin/kotlin-stdlib-common/1.4.10/kotlin-stdlib-common-1.4.10.jar:/Users/yesmail/.m2/repository/org/jetbrains/annotations/13.0/annotations-13.0.jar:/Users/yesmail/.m2/repository/org/assertj/assertj-core/3.12.2/assertj-core-3.12.2.jar:/Users/yesmail/.m2/repository/net/serenity-bdd/serenity-cucumber6/2.3.12/serenity-cucumber6-2.3.12.jar:/Users/yesmail/.m2/repository/io/cucumber/datatable-matchers/3.4.0/datatable-matchers-3.4.0.jar:/Users/yesmail/.m2/repository/org/hamcrest/hamcrest/2.2/hamcrest-2.2.jar:/Users/yesmail/.m2/repository/org/apache/commons/commons-csv/1.5/commons-csv-1.5.jar:/Users/yesmail/.m2/repository/com/google/code/gson/gson/2.8.4/gson-2.8.4.jar:"/>
    <property name="sun.cpu.endian" value="little"/>
    <property name="user.home" value="/Users/yesmail"/>
    <property name="user.language" value="en"/>
    <property name="java.specification.vendor" value="Oracle Corporation"/>
    <property name="java.version.date" value="2023-10-17"/>
    <property name="java.home" value="/Users/yesmail/Library/Java/JavaVirtualMachines/semeru-11.0.21/Contents/Home"/>
    <property name="ibm.signalhandling.rs" value="false"/>
    <property name="jdk.extensions.name" value="Extensions for OpenJDK for Eclipse OpenJ9"/>
    <property name="file.separator" value="/"/>
    <property name="basedir" value="/Users/yesmail/Documents/resfulAPi"/>
    <property name="line.separator" value="&#10;"/>
    <property name="java.specification.name" value="Java Platform API Specification"/>
    <property name="java.vm.specification.vendor" value="Oracle Corporation"/>
    <property name="java.compiler" value="j9jit29"/>
    <property name="com.ibm.util.extralibs.properties" value=""/>
    <property name="java.awt.graphicsenv" value="sun.awt.CGraphicsEnvironment"/>
    <property name="com.ibm.oti.configuration" value="scar"/>
    <property name="surefire.real.class.path" value="/Users/yesmail/Documents/resfulAPi/target/surefire/surefirebooter10817652024563077521.jar"/>
    <property name="com.ibm.oti.shared.enabled" value="false"/>
    <property name="com.ibm.oti.vm.bootstrap.library.path" value="/Users/yesmail/Library/Java/JavaVirtualMachines/semeru-11.0.21/Contents/Home/lib/default:/Users/yesmail/Library/Java/JavaVirtualMachines/semeru-11.0.21/Contents/Home/lib"/>
    <property name="com.ibm.cpu.endian" value="little"/>
    <property name="java.fullversion" value="11.0.21+5&#10;JRE 11 Mac OS X amd64-64-Bit Compressed References 20230905_743 (JIT enabled, AOT enabled)&#10;OpenJ9   - 87d042a68&#10;OMR      - fa7b6ddc7&#10;JCL      - 32a436870a based on jdk-11.0.21+5"/>
    <property name="java.runtime.version" value="11.0.21+5"/>
    <property name="user.name" value="yesmail"/>
    <property name="path.separator" value=":"/>
    <property name="os.version" value="12.6"/>
    <property name="java.runtime.name" value="IBM Semeru Runtime Open Edition"/>
    <property name="ibm.signalhandling.sigint" value="true"/>
    <property name="file.encoding" value="UTF-8"/>
    <property name="java.vm.name" value="Eclipse OpenJ9 VM"/>
    <property name="java.vendor.version" value="11.0.21.0-m1"/>
    <property name="ibm.signalhandling.sigchain" value="true"/>
    <property name="localRepository" value="/Users/yesmail/.m2/repository"/>
    <property name="java.vendor.url.bug" value="https://github.com/ibmruntimes/Semeru-Runtimes/issues"/>
    <property name="java.io.tmpdir" value="/var/folders/9r/qp772_3x1fs0nrfj09ckq9_h0000gn/T/"/>
    <property name="java.version" value="11.0.21"/>
    <property name="com.ibm.system.agent.path" value="/Users/yesmail/Library/Java/JavaVirtualMachines/semeru-11.0.21/Contents/Home/lib"/>
    <property name="user.dir" value="/Users/yesmail/Documents/resfulAPi"/>
    <property name="os.arch" value="x86_64"/>
    <property name="java.vm.specification.name" value="Java Virtual Machine Specification"/>
    <property name="java.awt.printerjob" value="sun.lwawt.macosx.CPrinterJob"/>
    <property name="os.encoding" value="UTF-8"/>
    <property name="java.library.path" value="/Users/yesmail/Library/Java/JavaVirtualMachines/semeru-11.0.21/Contents/Home/lib/default:/Users/yesmail/Library/Java/JavaVirtualMachines/semeru-11.0.21/Contents/Home/lib:/usr/lib"/>
    <property name="java.vm.info" value="JRE 11 Mac OS X amd64-64-Bit Compressed References 20230905_743 (JIT enabled, AOT enabled)&#10;OpenJ9   - 87d042a68&#10;OMR      - fa7b6ddc7&#10;JCL      - 32a436870a based on jdk-11.0.21+5"/>
    <property name="java.vendor" value="IBM Corporation"/>
    <property name="java.vm.version" value="v0.41.0-release-87d042a68"/>
    <property name="java.specification.maintenance.version" value="2"/>
    <property name="ibm.system.encoding" value="UTF-8"/>
    <property name="com.ibm.jcl.checkClassPath" value=""/>
    <property name="sun.io.unicode.encoding" value="UnicodeLittle"/>
    <property name="java.class.version" value="55.0"/>
  </properties>
  <testcase name="Create Return and Delete the new product" classname="Automation Rest Api on restful-api-dev" time="3.168"/>
  <testcase name="verify status code and response time and validate Schema for Get all" classname="Automation Rest Api on restful-api-dev" time="0.761"/>
  <testcase name="verify status code for invalid Resource" classname="Automation Rest Api on restful-api-dev" time="0.46"/>
</testsuite>